[debug] > Exec(early(addDefaultCommands), None, None)
[debug] > Exec(addDefaultCommands, None, None)
[debug] > Exec(early(initialize), None, None)
[debug] > Exec(initialize, None, None)
[debug] > Exec(early(addPluginSbtFile="""C:\Users\xsyyy\AppData\Local\Temp\idea7.sbt"""), None, None)
[debug] > Exec(addPluginSbtFile="""C:\Users\xsyyy\AppData\Local\Temp\idea7.sbt""", None, None)
[debug] > Exec(boot, None, None)
[debug] > Exec(writeSbtVersion, None, None)
[debug] > Exec(reload, None, None)
[debug] > Exec(sbtStashOnFailure, None, None)
[debug] > Exec(onFailure loadFailed, None, None)
[debug] > Exec(loadp, None, None)
[info] welcome to sbt 1.9.7 (Oracle Corporation Java 20.0.2)
[debug] Load.defaultLoad until apply took 114.1276ms
[debug]           Load.loadUnit: plugins took 34.3958ms
[debug]           Load.loadUnit: defsScala took 0.0902ms
[debug] [Loading] Scanning directory C:\courses\csye 7200\homework\CSYE7200\assignment-helloworld\project
[debug]             Load.loadUnit: mkEval took 1.9412ms
[debug] [Loading] Found non-root projects 
[debug] [Loading] Done in C:\courses\csye 7200\homework\CSYE7200\assignment-helloworld\project, returning: ()
[debug] deducing auto plugins based on known facts Set(Atom(sbt.plugins.CorePlugin)) and clauses Clauses(Clause(Atom(sbt.plugins.JvmPlugin),Set(Atom(sbt.plugins.IvyPlugin)))
[debug] Clause(Atom(sbt.ScriptedPlugin),Set(Atom(sbt.plugins.JvmPlugin)))
[debug] Clause(Atom(sbt.plugins.SbtPlugin),Set(Atom(sbt.ScriptedPlugin)))
[debug] Clause(Atom(sbt.plugins.SemanticdbPlugin),Set(Atom(sbt.plugins.JvmPlugin)))
[debug] Clause(Atom(sbt.plugins.JUnitXmlReportPlugin),Set(Atom(sbt.plugins.JvmPlugin)))
[debug] Clause(Atom(sbt.plugins.MiniDependencyTreePlugin),Set(Atom(sbt.plugins.JvmPlugin)))
[debug] Clause(Atom(sbt.plugins.CorePlugin),Set(Atom(sbt.plugins.IvyPlugin)))
[debug] Clause(Atom(sbt.plugins.IvyPlugin),Set(Atom(sbt.plugins.JvmPlugin)))
[debug] Clause(Atom(sbt.plugins.JvmPlugin),Set(Atom(sbt.plugins.SemanticdbPlugin)))
[debug] Clause(Atom(sbt.plugins.JvmPlugin),Set(Atom(sbt.plugins.JUnitXmlReportPlugin)))
[debug] Clause(Atom(sbt.plugins.CorePlugin),Set(Atom(sbt.plugins.Giter8TemplatePlugin)))
[debug] Clause(Atom(sbt.plugins.JvmPlugin),Set(Atom(sbt.plugins.MiniDependencyTreePlugin))))
[debug]   :: deduced result: Matched(sbt.plugins.CorePlugin,sbt.plugins.Giter8TemplatePlugin,sbt.plugins.IvyPlugin,sbt.plugins.JvmPlugin,sbt.plugins.MiniDependencyTreePlugin,sbt.plugins.JUnitXmlReportPlugin,sbt.plugins.SemanticdbPlugin)
[debug] Plugins.deducer#function took 5.7217 ms
[info] loading settings for project assignment-helloworld-build from idea7.sbt ...
[debug]               Load.resolveProject(assignment-helloworld-build) took 15.587ms
[debug]             Load.loadTransitive: finalizeProject(Project(id assignment-helloworld-build, base: C:\courses\csye 7200\homework\CSYE7200\assignment-helloworld\project, plugins: List(<none>))) took 28.0485ms
[debug] [Loading] Done in C:\courses\csye 7200\homework\CSYE7200\assignment-helloworld\project, returning: (assignment-helloworld-build)
[debug]           Load.loadUnit: loadedProjectsRaw took 162.7349ms
[debug]           Load.loadUnit: cleanEvalClasses took 3.1149ms
[debug]         Load.loadUnit(file:/C:/courses/csye%207200/homework/CSYE7200/assignment-helloworld/project/, ...) took 202.4412ms
[debug]       Load.apply: load took 249.8499ms
[debug]       Load.apply: resolveProjects took 2.0398ms
[debug]       Load.apply: finalTransforms took 25.2331ms
[debug]       Load.apply: config.delegates took 3.6759ms
[debug]       Load.apply: Def.make(settings)... took 242.5149ms
[debug]       Load.apply: structureIndex took 50.7731ms
[debug]       Load.apply: mkStreams took 2.2646ms
[info] loading project definition from C:\courses\csye 7200\homework\CSYE7200\assignment-helloworld\project
[debug] Running task... Cancel: Signal, check cycles: false, forcegc: true
[debug]     Load.loadUnit: plugins took 1051.2561ms
[debug]     Load.loadUnit: defsScala took 0.0027ms
[debug] [Loading] Scanning directory C:\courses\csye 7200\homework\CSYE7200\assignment-helloworld
[debug]       Load.loadUnit: mkEval took 0.0902ms
[debug] [Loading] Found non-root projects 
[debug] [Loading] Done in C:\courses\csye 7200\homework\CSYE7200\assignment-helloworld, returning: ()
[debug] deducing auto plugins based on known facts Set(Atom(sbt.plugins.CorePlugin)) and clauses Clauses(Clause(Atom(sbt.plugins.JvmPlugin),Set(Atom(sbt.plugins.IvyPlugin)))
[debug] Clause(Atom(sbt.ScriptedPlugin),Set(Atom(sbt.plugins.JvmPlugin)))
[debug] Clause(Atom(sbt.plugins.SbtPlugin),Set(Atom(sbt.ScriptedPlugin)))
[debug] Clause(Atom(sbt.plugins.SemanticdbPlugin),Set(Atom(sbt.plugins.JvmPlugin)))
[debug] Clause(Atom(sbt.plugins.JUnitXmlReportPlugin),Set(Atom(sbt.plugins.JvmPlugin)))
[debug] Clause(Atom(sbt.plugins.MiniDependencyTreePlugin),Set(Atom(sbt.plugins.JvmPlugin)))
[debug] Clause(Atom(org.jetbrains.sbt.StructurePlugin),Set(Atom(sbt.plugins.JvmPlugin)))
[debug] Clause(Atom(org.jetbrains.sbt.IdeaShellPlugin),Set(Atom(sbt.plugins.JvmPlugin)))
[debug] Clause(Atom(org.jetbrains.sbt.indices.SbtIntellijIndicesPlugin),Set(Atom(sbt.plugins.JvmPlugin)))
[debug] Clause(Atom(sbt.plugins.CorePlugin),Set(Atom(sbt.plugins.IvyPlugin)))
[debug] Clause(Atom(sbt.plugins.IvyPlugin),Set(Atom(sbt.plugins.JvmPlugin)))
[debug] Clause(Atom(sbt.plugins.JvmPlugin),Set(Atom(sbt.plugins.SemanticdbPlugin)))
[debug] Clause(Atom(sbt.plugins.JvmPlugin),Set(Atom(sbt.plugins.JUnitXmlReportPlugin)))
[debug] Clause(Atom(sbt.plugins.CorePlugin),Set(Atom(sbt.plugins.Giter8TemplatePlugin)))
[debug] Clause(Atom(sbt.plugins.JvmPlugin),Set(Atom(sbt.plugins.MiniDependencyTreePlugin)))
[debug] Clause(Atom(sbt.plugins.JvmPlugin),Set(Atom(org.jetbrains.sbt.StructurePlugin)))
[debug] Clause(Atom(sbt.plugins.JvmPlugin),Set(Atom(org.jetbrains.sbt.IdeaShellPlugin)))
[debug] Clause(And(Set(Atom(sbt.plugins.CorePlugin), Atom(sbt.plugins.JvmPlugin))),Set(Atom(org.jetbrains.sbt.indices.SbtIntellijIndicesPlugin))))
[debug]   :: deduced result: Matched(sbt.plugins.CorePlugin,sbt.plugins.Giter8TemplatePlugin,sbt.plugins.IvyPlugin,sbt.plugins.JvmPlugin,sbt.plugins.SemanticdbPlugin,org.jetbrains.sbt.indices.SbtIntellijIndicesPlugin,sbt.plugins.JUnitXmlReportPlugin,org.jetbrains.sbt.IdeaShellPlugin,org.jetbrains.sbt.StructurePlugin,sbt.plugins.MiniDependencyTreePlugin)
[debug] Plugins.deducer#function took 1.6162 ms
[info] loading settings for project assignment-helloworld from build.sbt ...
[debug]         Load.resolveProject(assignment-helloworld) took 10.8843ms
[debug]       Load.loadTransitive: finalizeProject(Project(id assignment-helloworld, base: C:\courses\csye 7200\homework\CSYE7200\assignment-helloworld, plugins: List(<none>))) took 12.9862ms
[debug] [Loading] Done in C:\courses\csye 7200\homework\CSYE7200\assignment-helloworld, returning: (assignment-helloworld)
[debug]     Load.loadUnit: loadedProjectsRaw took 55.3643ms
[debug]     Load.loadUnit: cleanEvalClasses took 7.2766ms
[debug]   Load.loadUnit(file:/C:/courses/csye%207200/homework/CSYE7200/assignment-helloworld/, ...) took 1114.6903ms
[debug] Load.apply: load took 1126.0388ms
[debug] Load.apply: resolveProjects took 0.0668ms
[debug] Load.apply: finalTransforms took 10.4415ms
[debug] Load.apply: config.delegates took 0.1757ms
[debug] Load.apply: Def.make(settings)... took 38.1209ms
[debug] Load.apply: structureIndex took 15.5934ms
[debug] Load.apply: mkStreams took 0.0012ms
[info] set current project to HelloWorld (in build file:/C:/courses/csye%207200/homework/CSYE7200/assignment-helloworld/)
[debug] > Exec(sbtPopOnFailure, None, None)
[debug] > Exec(resumeFromFailure, None, None)
[debug] > Exec(notifyUsersAboutShell, None, None)
[debug] > Exec(iflast shell, None, None)
[debug] > Exec(; set ideaPort in Global := 59893 ; idea-shell, None, None)
[debug] > Exec(set ideaPort in Global := 59893, None, None)
[info] Defining Global / ideaPort
[info] The new value will be used by Compile / compile, Test / compile
[debug] Defining 
[debug] 	Global / ideaPort
[debug] 
[debug] The new value will be used by 
[debug] 	Compile / compile
[debug] 	Test / compile
[info] Reapplying settings...
[info] set current project to HelloWorld (in build file:/C:/courses/csye%207200/homework/CSYE7200/assignment-helloworld/)
[debug] > Exec(idea-shell, None, None)
