[debug] > Exec(early(addDefaultCommands), None, None)
[debug] > Exec(addDefaultCommands, None, None)
[debug] > Exec(early(initialize), None, None)
[debug] > Exec(initialize, None, None)
[debug] > Exec(early(addPluginSbtFile="""C:\Users\xsyyy\AppData\Local\Temp\idea4.sbt"""), None, None)
[debug] > Exec(addPluginSbtFile="""C:\Users\xsyyy\AppData\Local\Temp\idea4.sbt""", None, None)
[debug] > Exec(boot, None, None)
[debug] > Exec(writeSbtVersion, None, None)
[debug] > Exec(reload, None, None)
[debug] > Exec(sbtStashOnFailure, None, None)
[debug] > Exec(onFailure loadFailed, None, None)
[debug] > Exec(loadp, None, None)
[info] welcome to sbt 1.9.7 (Oracle Corporation Java 20.0.2)
[debug] Load.defaultLoad until apply took 107.1368ms
[debug]           Load.loadUnit: plugins took 36.1664ms
[debug]           Load.loadUnit: defsScala took 0.0915ms
[debug] [Loading] Scanning directory C:\courses\csye 7200\homework\CSYE7200\assignment-helloworld\project
[debug]             Load.loadUnit: mkEval took 2.1751ms
[debug] [Loading] Found non-root projects 
[debug] [Loading] Done in C:\courses\csye 7200\homework\CSYE7200\assignment-helloworld\project, returning: ()
[debug] deducing auto plugins based on known facts Set(Atom(sbt.plugins.CorePlugin)) and clauses Clauses(Clause(Atom(sbt.plugins.JvmPlugin),Set(Atom(sbt.plugins.IvyPlugin)))
[debug] Clause(Atom(sbt.ScriptedPlugin),Set(Atom(sbt.plugins.JvmPlugin)))
[debug] Clause(Atom(sbt.plugins.SbtPlugin),Set(Atom(sbt.ScriptedPlugin)))
[debug] Clause(Atom(sbt.plugins.SemanticdbPlugin),Set(Atom(sbt.plugins.JvmPlugin)))
[debug] Clause(Atom(sbt.plugins.JUnitXmlReportPlugin),Set(Atom(sbt.plugins.JvmPlugin)))
[debug] Clause(Atom(sbt.plugins.MiniDependencyTreePlugin),Set(Atom(sbt.plugins.JvmPlugin)))
[debug] Clause(Atom(sbt.plugins.CorePlugin),Set(Atom(sbt.plugins.IvyPlugin)))
[debug] Clause(Atom(sbt.plugins.IvyPlugin),Set(Atom(sbt.plugins.JvmPlugin)))
[debug] Clause(Atom(sbt.plugins.JvmPlugin),Set(Atom(sbt.plugins.SemanticdbPlugin)))
[debug] Clause(Atom(sbt.plugins.JvmPlugin),Set(Atom(sbt.plugins.JUnitXmlReportPlugin)))
[debug] Clause(Atom(sbt.plugins.CorePlugin),Set(Atom(sbt.plugins.Giter8TemplatePlugin)))
[debug] Clause(Atom(sbt.plugins.JvmPlugin),Set(Atom(sbt.plugins.MiniDependencyTreePlugin))))
[debug]   :: deduced result: Matched(sbt.plugins.CorePlugin,sbt.plugins.Giter8TemplatePlugin,sbt.plugins.IvyPlugin,sbt.plugins.JvmPlugin,sbt.plugins.MiniDependencyTreePlugin,sbt.plugins.JUnitXmlReportPlugin,sbt.plugins.SemanticdbPlugin)
[debug] Plugins.deducer#function took 5.7951 ms
[info] loading settings for project assignment-helloworld-build from idea4.sbt ...
[debug]               Load.resolveProject(assignment-helloworld-build) took 16.2608ms
[debug]             Load.loadTransitive: finalizeProject(Project(id assignment-helloworld-build, base: C:\courses\csye 7200\homework\CSYE7200\assignment-helloworld\project, plugins: List(<none>))) took 29.145ms
[debug] [Loading] Done in C:\courses\csye 7200\homework\CSYE7200\assignment-helloworld\project, returning: (assignment-helloworld-build)
[debug]           Load.loadUnit: loadedProjectsRaw took 160.0378ms
[debug]           Load.loadUnit: cleanEvalClasses took 2.8428ms
[debug]         Load.loadUnit(file:/C:/courses/csye%207200/homework/CSYE7200/assignment-helloworld/project/, ...) took 201.3444ms
[debug]       Load.apply: load took 248.3526ms
[debug]       Load.apply: resolveProjects took 2.2612ms
[debug]       Load.apply: finalTransforms took 26.7771ms
[debug]       Load.apply: config.delegates took 3.4404ms
[debug]       Load.apply: Def.make(settings)... took 235.8433ms
[debug]       Load.apply: structureIndex took 52.3924ms
[debug]       Load.apply: mkStreams took 1.9034ms
[info] loading project definition from C:\courses\csye 7200\homework\CSYE7200\assignment-helloworld\project
[debug] Running task... Cancel: Signal, check cycles: false, forcegc: true
[debug]     Load.loadUnit: plugins took 1363.1138ms
[debug]     Load.loadUnit: defsScala took 0.0013ms
[debug] [Loading] Scanning directory C:\courses\csye 7200\homework\CSYE7200\assignment-helloworld
[debug]       Load.loadUnit: mkEval took 0.0772ms
[debug] [Loading] Found non-root projects 
[debug] [Loading] Done in C:\courses\csye 7200\homework\CSYE7200\assignment-helloworld, returning: ()
[debug] deducing auto plugins based on known facts Set(Atom(sbt.plugins.CorePlugin)) and clauses Clauses(Clause(Atom(sbt.plugins.JvmPlugin),Set(Atom(sbt.plugins.IvyPlugin)))
[debug] Clause(Atom(sbt.ScriptedPlugin),Set(Atom(sbt.plugins.JvmPlugin)))
[debug] Clause(Atom(sbt.plugins.SbtPlugin),Set(Atom(sbt.ScriptedPlugin)))
[debug] Clause(Atom(sbt.plugins.SemanticdbPlugin),Set(Atom(sbt.plugins.JvmPlugin)))
[debug] Clause(Atom(sbt.plugins.JUnitXmlReportPlugin),Set(Atom(sbt.plugins.JvmPlugin)))
[debug] Clause(Atom(sbt.plugins.MiniDependencyTreePlugin),Set(Atom(sbt.plugins.JvmPlugin)))
[debug] Clause(Atom(org.jetbrains.sbt.StructurePlugin),Set(Atom(sbt.plugins.JvmPlugin)))
[debug] Clause(Atom(org.jetbrains.sbt.IdeaShellPlugin),Set(Atom(sbt.plugins.JvmPlugin)))
[debug] Clause(Atom(org.jetbrains.sbt.indices.SbtIntellijIndicesPlugin),Set(Atom(sbt.plugins.JvmPlugin)))
[debug] Clause(Atom(sbt.plugins.CorePlugin),Set(Atom(sbt.plugins.IvyPlugin)))
[debug] Clause(Atom(sbt.plugins.IvyPlugin),Set(Atom(sbt.plugins.JvmPlugin)))
[debug] Clause(Atom(sbt.plugins.JvmPlugin),Set(Atom(sbt.plugins.SemanticdbPlugin)))
[debug] Clause(Atom(sbt.plugins.JvmPlugin),Set(Atom(sbt.plugins.JUnitXmlReportPlugin)))
[debug] Clause(Atom(sbt.plugins.CorePlugin),Set(Atom(sbt.plugins.Giter8TemplatePlugin)))
[debug] Clause(Atom(sbt.plugins.JvmPlugin),Set(Atom(sbt.plugins.MiniDependencyTreePlugin)))
[debug] Clause(Atom(sbt.plugins.JvmPlugin),Set(Atom(org.jetbrains.sbt.StructurePlugin)))
[debug] Clause(Atom(sbt.plugins.JvmPlugin),Set(Atom(org.jetbrains.sbt.IdeaShellPlugin)))
[debug] Clause(And(Set(Atom(sbt.plugins.CorePlugin), Atom(sbt.plugins.JvmPlugin))),Set(Atom(org.jetbrains.sbt.indices.SbtIntellijIndicesPlugin))))
[debug]   :: deduced result: Matched(sbt.plugins.CorePlugin,sbt.plugins.Giter8TemplatePlugin,sbt.plugins.IvyPlugin,sbt.plugins.JvmPlugin,sbt.plugins.SemanticdbPlugin,org.jetbrains.sbt.indices.SbtIntellijIndicesPlugin,sbt.plugins.JUnitXmlReportPlugin,org.jetbrains.sbt.IdeaShellPlugin,org.jetbrains.sbt.StructurePlugin,sbt.plugins.MiniDependencyTreePlugin)
[debug] Plugins.deducer#function took 0.9146 ms
[info] loading settings for project assignment-helloworld from build.sbt ...
[debug]         Load.resolveProject(assignment-helloworld) took 16.8339ms
[debug]       Load.loadTransitive: finalizeProject(Project(id assignment-helloworld, base: C:\courses\csye 7200\homework\CSYE7200\assignment-helloworld, plugins: List(<none>))) took 18.5311ms
[debug] [Loading] Done in C:\courses\csye 7200\homework\CSYE7200\assignment-helloworld, returning: (assignment-helloworld)
[debug]     Load.loadUnit: loadedProjectsRaw took 1470.4102ms
[debug]     Load.loadUnit: cleanEvalClasses took 12.2835ms
[debug]   Load.loadUnit(file:/C:/courses/csye%207200/homework/CSYE7200/assignment-helloworld/, ...) took 2846.8141ms
[debug] Load.apply: load took 2864.5456ms
[debug] Load.apply: resolveProjects took 0.0659ms
[debug] Load.apply: finalTransforms took 9.8286ms
[debug] Load.apply: config.delegates took 0.2048ms
[debug] Load.apply: Def.make(settings)... took 35.0544ms
[debug] Load.apply: structureIndex took 11.2406ms
[debug] Load.apply: mkStreams took 0.0015ms
[info] set current project to HelloWorld (in build file:/C:/courses/csye%207200/homework/CSYE7200/assignment-helloworld/)
[debug] > Exec(sbtPopOnFailure, None, None)
[debug] > Exec(resumeFromFailure, None, None)
[debug] > Exec(notifyUsersAboutShell, None, None)
[debug] > Exec(iflast shell, None, None)
[debug] > Exec(; set ideaPort in Global := 59893 ; idea-shell, None, None)
[debug] > Exec(set ideaPort in Global := 59893, None, None)
[info] Defining Global / ideaPort
[info] The new value will be used by Compile / compile, Test / compile
[debug] Defining 
[debug] 	Global / ideaPort
[debug] 
[debug] The new value will be used by 
[debug] 	Compile / compile
[debug] 	Test / compile
[info] Reapplying settings...
[info] set current project to HelloWorld (in build file:/C:/courses/csye%207200/homework/CSYE7200/assignment-helloworld/)
[debug] > Exec(idea-shell, None, None)
