[debug] > Exec(early(addDefaultCommands), None, None)
[debug] > Exec(addDefaultCommands, None, None)
[debug] > Exec(early(initialize), None, None)
[debug] > Exec(initialize, None, None)
[debug] > Exec(early(addPluginSbtFile="""C:\Users\xsyyy\AppData\Local\Temp\idea10.sbt"""), None, None)
[debug] > Exec(addPluginSbtFile="""C:\Users\xsyyy\AppData\Local\Temp\idea10.sbt""", None, None)
[debug] > Exec(boot, None, None)
[debug] > Exec(writeSbtVersion, None, None)
[debug] > Exec(reload, None, None)
[debug] > Exec(sbtStashOnFailure, None, None)
[debug] > Exec(onFailure loadFailed, None, None)
[debug] > Exec(loadp, None, None)
[info] welcome to sbt 1.9.7 (Oracle Corporation Java 20.0.2)
[debug] Load.defaultLoad until apply took 116.451ms
[debug]           Load.loadUnit: plugins took 46.7995ms
[debug]           Load.loadUnit: defsScala took 0.1607ms
[debug] [Loading] Scanning directory C:\courses\csye 7200\homework\CSYE7200\assignment-helloworld\project
[debug]             Load.loadUnit: mkEval took 3.0826ms
[debug] [Loading] Found non-root projects 
[debug] [Loading] Done in C:\courses\csye 7200\homework\CSYE7200\assignment-helloworld\project, returning: ()
[debug] deducing auto plugins based on known facts Set(Atom(sbt.plugins.CorePlugin)) and clauses Clauses(Clause(Atom(sbt.plugins.JvmPlugin),Set(Atom(sbt.plugins.IvyPlugin)))
[debug] Clause(Atom(sbt.ScriptedPlugin),Set(Atom(sbt.plugins.JvmPlugin)))
[debug] Clause(Atom(sbt.plugins.SbtPlugin),Set(Atom(sbt.ScriptedPlugin)))
[debug] Clause(Atom(sbt.plugins.SemanticdbPlugin),Set(Atom(sbt.plugins.JvmPlugin)))
[debug] Clause(Atom(sbt.plugins.JUnitXmlReportPlugin),Set(Atom(sbt.plugins.JvmPlugin)))
[debug] Clause(Atom(sbt.plugins.MiniDependencyTreePlugin),Set(Atom(sbt.plugins.JvmPlugin)))
[debug] Clause(Atom(sbt.plugins.CorePlugin),Set(Atom(sbt.plugins.IvyPlugin)))
[debug] Clause(Atom(sbt.plugins.IvyPlugin),Set(Atom(sbt.plugins.JvmPlugin)))
[debug] Clause(Atom(sbt.plugins.JvmPlugin),Set(Atom(sbt.plugins.SemanticdbPlugin)))
[debug] Clause(Atom(sbt.plugins.JvmPlugin),Set(Atom(sbt.plugins.JUnitXmlReportPlugin)))
[debug] Clause(Atom(sbt.plugins.CorePlugin),Set(Atom(sbt.plugins.Giter8TemplatePlugin)))
[debug] Clause(Atom(sbt.plugins.JvmPlugin),Set(Atom(sbt.plugins.MiniDependencyTreePlugin))))
[debug]   :: deduced result: Matched(sbt.plugins.CorePlugin,sbt.plugins.Giter8TemplatePlugin,sbt.plugins.IvyPlugin,sbt.plugins.JvmPlugin,sbt.plugins.MiniDependencyTreePlugin,sbt.plugins.JUnitXmlReportPlugin,sbt.plugins.SemanticdbPlugin)
[debug] Plugins.deducer#function took 6.2245 ms
[info] loading settings for project assignment-helloworld-build from idea10.sbt ...
[debug]               Load.resolveProject(assignment-helloworld-build) took 15.848ms
[debug]             Load.loadTransitive: finalizeProject(Project(id assignment-helloworld-build, base: C:\courses\csye 7200\homework\CSYE7200\assignment-helloworld\project, plugins: List(<none>))) took 29.2911ms
[debug] [Loading] Done in C:\courses\csye 7200\homework\CSYE7200\assignment-helloworld\project, returning: (assignment-helloworld-build)
[debug]           Load.loadUnit: loadedProjectsRaw took 175.1316ms
[debug]           Load.loadUnit: cleanEvalClasses took 2.9227ms
[debug]         Load.loadUnit(file:/C:/courses/csye%207200/homework/CSYE7200/assignment-helloworld/project/, ...) took 227.7452ms
[debug]       Load.apply: load took 279.1493ms
[debug]       Load.apply: resolveProjects took 1.8409ms
[debug]       Load.apply: finalTransforms took 22.7908ms
[debug]       Load.apply: config.delegates took 4.0553ms
[debug]       Load.apply: Def.make(settings)... took 230.3754ms
[debug]       Load.apply: structureIndex took 51.7422ms
[debug]       Load.apply: mkStreams took 1.8521ms
[info] loading project definition from C:\courses\csye 7200\homework\CSYE7200\assignment-helloworld\project
[debug] Running task... Cancel: Signal, check cycles: false, forcegc: true
[debug]     Load.loadUnit: plugins took 1322.9237ms
[debug]     Load.loadUnit: defsScala took 0.0013ms
[debug] [Loading] Scanning directory C:\courses\csye 7200\homework\CSYE7200\assignment-helloworld
[debug]       Load.loadUnit: mkEval took 0.091ms
[debug] [Loading] Found non-root projects 
[debug] [Loading] Done in C:\courses\csye 7200\homework\CSYE7200\assignment-helloworld, returning: ()
[debug] deducing auto plugins based on known facts Set(Atom(sbt.plugins.CorePlugin)) and clauses Clauses(Clause(Atom(sbt.plugins.JvmPlugin),Set(Atom(sbt.plugins.IvyPlugin)))
[debug] Clause(Atom(sbt.ScriptedPlugin),Set(Atom(sbt.plugins.JvmPlugin)))
[debug] Clause(Atom(sbt.plugins.SbtPlugin),Set(Atom(sbt.ScriptedPlugin)))
[debug] Clause(Atom(sbt.plugins.SemanticdbPlugin),Set(Atom(sbt.plugins.JvmPlugin)))
[debug] Clause(Atom(sbt.plugins.JUnitXmlReportPlugin),Set(Atom(sbt.plugins.JvmPlugin)))
[debug] Clause(Atom(sbt.plugins.MiniDependencyTreePlugin),Set(Atom(sbt.plugins.JvmPlugin)))
[debug] Clause(Atom(org.jetbrains.sbt.StructurePlugin),Set(Atom(sbt.plugins.JvmPlugin)))
[debug] Clause(Atom(org.jetbrains.sbt.IdeaShellPlugin),Set(Atom(sbt.plugins.JvmPlugin)))
[debug] Clause(Atom(org.jetbrains.sbt.indices.SbtIntellijIndicesPlugin),Set(Atom(sbt.plugins.JvmPlugin)))
[debug] Clause(Atom(sbt.plugins.CorePlugin),Set(Atom(sbt.plugins.IvyPlugin)))
[debug] Clause(Atom(sbt.plugins.IvyPlugin),Set(Atom(sbt.plugins.JvmPlugin)))
[debug] Clause(Atom(sbt.plugins.JvmPlugin),Set(Atom(sbt.plugins.SemanticdbPlugin)))
[debug] Clause(Atom(sbt.plugins.JvmPlugin),Set(Atom(sbt.plugins.JUnitXmlReportPlugin)))
[debug] Clause(Atom(sbt.plugins.CorePlugin),Set(Atom(sbt.plugins.Giter8TemplatePlugin)))
[debug] Clause(Atom(sbt.plugins.JvmPlugin),Set(Atom(sbt.plugins.MiniDependencyTreePlugin)))
[debug] Clause(Atom(sbt.plugins.JvmPlugin),Set(Atom(org.jetbrains.sbt.StructurePlugin)))
[debug] Clause(Atom(sbt.plugins.JvmPlugin),Set(Atom(org.jetbrains.sbt.IdeaShellPlugin)))
[debug] Clause(And(Set(Atom(sbt.plugins.CorePlugin), Atom(sbt.plugins.JvmPlugin))),Set(Atom(org.jetbrains.sbt.indices.SbtIntellijIndicesPlugin))))
[debug]   :: deduced result: Matched(sbt.plugins.CorePlugin,sbt.plugins.Giter8TemplatePlugin,sbt.plugins.IvyPlugin,sbt.plugins.JvmPlugin,sbt.plugins.SemanticdbPlugin,org.jetbrains.sbt.indices.SbtIntellijIndicesPlugin,sbt.plugins.JUnitXmlReportPlugin,org.jetbrains.sbt.IdeaShellPlugin,org.jetbrains.sbt.StructurePlugin,sbt.plugins.MiniDependencyTreePlugin)
[debug] Plugins.deducer#function took 1.2849 ms
[info] loading settings for project assignment-helloworld from build.sbt ...
[debug]         Load.resolveProject(assignment-helloworld) took 13.8515ms
[debug]       Load.loadTransitive: finalizeProject(Project(id assignment-helloworld, base: C:\courses\csye 7200\homework\CSYE7200\assignment-helloworld, plugins: List(<none>))) took 16.0218ms
[debug] [Loading] Done in C:\courses\csye 7200\homework\CSYE7200\assignment-helloworld, returning: (assignment-helloworld)
[debug]     Load.loadUnit: loadedProjectsRaw took 1492.9433ms
[debug]     Load.loadUnit: cleanEvalClasses took 12.5779ms
[debug]   Load.loadUnit(file:/C:/courses/csye%207200/homework/CSYE7200/assignment-helloworld/, ...) took 2829.3355ms
[debug] Load.apply: load took 2842.718ms
[debug] Load.apply: resolveProjects took 0.0493ms
[debug] Load.apply: finalTransforms took 14.0379ms
[debug] Load.apply: config.delegates took 0.2854ms
[debug] Load.apply: Def.make(settings)... took 36.0817ms
[debug] Load.apply: structureIndex took 12.9387ms
[debug] Load.apply: mkStreams took 0.0016ms
[info] set current project to HelloWorld (in build file:/C:/courses/csye%207200/homework/CSYE7200/assignment-helloworld/)
[debug] > Exec(sbtPopOnFailure, None, None)
[debug] > Exec(resumeFromFailure, None, None)
[debug] > Exec(notifyUsersAboutShell, None, None)
[debug] > Exec(iflast shell, None, None)
[debug] > Exec(; set ideaPort in Global := 59893 ; idea-shell, None, None)
[debug] > Exec(set ideaPort in Global := 59893, None, None)
[info] Defining Global / ideaPort
[info] The new value will be used by Compile / compile, Test / compile
[debug] Defining 
[debug] 	Global / ideaPort
[debug] 
[debug] The new value will be used by 
[debug] 	Compile / compile
[debug] 	Test / compile
[info] Reapplying settings...
[info] set current project to HelloWorld (in build file:/C:/courses/csye%207200/homework/CSYE7200/assignment-helloworld/)
[debug] > Exec(idea-shell, None, None)
